#! /c/Source/iverilog-install/bin/vvp
:ivl_version "12.0 (devel)" "(s20150603-1539-g2693dd32b)";
:ivl_delay_selection "TYPICAL";
:vpi_time_precision - 9;
:vpi_module "C:\iverilog\lib\ivl\system.vpi";
:vpi_module "C:\iverilog\lib\ivl\vhdl_sys.vpi";
:vpi_module "C:\iverilog\lib\ivl\vhdl_textio.vpi";
:vpi_module "C:\iverilog\lib\ivl\v2005_math.vpi";
:vpi_module "C:\iverilog\lib\ivl\va_math.vpi";
S_000002acc573c710 .scope module, "circuito_pwm_tb" "circuito_pwm_tb" 2 17;
 .timescale -9 -9;
P_000002acc57833a0 .param/l "clockPeriod" 0 2 27, +C4<00000000000000000000000000010100>;
v000002acc577b4b0_0 .var "caso", 31 0;
v000002acc577b550_0 .var "clock_in", 0 0;
v000002acc57920b0_0 .net "db_pwm_out", 0 0, L_000002acc5797a90;  1 drivers
v000002acc57ec910_0 .var "largura_in", 1 0;
v000002acc57ec410_0 .net "pwm_out", 0 0, L_000002acc5797ef0;  1 drivers
v000002acc57ec370_0 .var "reset_in", 0 0;
E_000002acc57835e0 .event negedge, v000002acc57535a0_0;
S_000002acc5791f20 .scope module, "dut" "circuito_pwm" 2 42, 3 16 0, S_000002acc573c710;
 .timescale 0 0;
    .port_info 0 /INPUT 1 "clock";
    .port_info 1 /INPUT 1 "reset";
    .port_info 2 /INPUT 2 "largura";
    .port_info 3 /OUTPUT 1 "pwm";
    .port_info 4 /OUTPUT 1 "db_pwm";
P_000002acc5777bb0 .param/l "conf_periodo" 0 3 17, +C4<00000000000000000000010011100010>;
P_000002acc5777be8 .param/l "largura_00" 0 3 18, +C4<00000000000000000000000000000000>;
P_000002acc5777c20 .param/l "largura_01" 0 3 19, +C4<00000000000000000000000000110010>;
P_000002acc5777c58 .param/l "largura_10" 0 3 20, +C4<00000000000000000000000111110100>;
P_000002acc5777c90 .param/l "largura_11" 0 3 21, +C4<00000000000000000000001111101000>;
L_000002acc5797a90 .functor BUFZ 1, v000002acc57822f0_0, C4<0>, C4<0>, C4<0>;
L_000002acc5797ef0 .functor BUFZ 1, v000002acc57822f0_0, C4<0>, C4<0>, C4<0>;
v000002acc57535a0_0 .net "clock", 0 0, v000002acc577b550_0;  1 drivers
v000002acc5784f70_0 .var "contagem", 31 0;
v000002acc5753300_0 .net "db_pwm", 0 0, L_000002acc5797a90;  alias, 1 drivers
v000002acc577ae60_0 .net "largura", 1 0, v000002acc57ec910_0;  1 drivers
v000002acc573c8a0_0 .var "largura_pwm", 31 0;
v000002acc573c940_0 .net "pwm", 0 0, L_000002acc5797ef0;  alias, 1 drivers
v000002acc5782250_0 .net "reset", 0 0, v000002acc57ec370_0;  1 drivers
v000002acc57822f0_0 .var "s_pwm", 0 0;
E_000002acc5783220 .event posedge, v000002acc5782250_0, v000002acc57535a0_0;
S_000002acc577b320 .scope module, "controle_servo_tb" "controle_servo_tb" 4 7;
 .timescale -9 -9;
P_000002acc5783560 .param/l "clockPeriod" 0 4 16, +C4<00000000000000000000000000010100>;
v000002acc57eca50_0 .var "caso", 31 0;
v000002acc57ec690_0 .var "clock_in", 0 0;
v000002acc57ecf50_0 .var "posicao_in", 1 0;
v000002acc57ec730_0 .var "reset_in", 0 0;
v000002acc57ecff0_0 .net "sinal_controle_out", 0 0, L_000002acc5797da0;  1 drivers
E_000002acc5783b60 .event negedge, v000002acc57ec4b0_0;
S_000002acc5792150 .scope module, "dut" "controle_servo" 4 26, 5 14 0, S_000002acc577b320;
 .timescale -9 -9;
    .port_info 0 /INPUT 1 "clock";
    .port_info 1 /INPUT 1 "reset";
    .port_info 2 /INPUT 2 "posicao";
    .port_info 3 /OUTPUT 1 "controle";
    .port_info 4 /OUTPUT 1 "db_controle";
v000002acc57ecaf0_0 .net "clock", 0 0, v000002acc57ec690_0;  1 drivers
v000002acc57eceb0_0 .net "controle", 0 0, L_000002acc5797da0;  alias, 1 drivers
v000002acc57ec7d0_0 .net "db_controle", 0 0, L_000002acc5797630;  1 drivers
v000002acc57ec230_0 .net "posicao", 1 0, v000002acc57ecf50_0;  1 drivers
v000002acc57ecc30_0 .net "reset", 0 0, v000002acc57ec730_0;  1 drivers
S_000002acc57ed0b0 .scope module, "pwm" "circuito_pwm" 5 30, 3 16 0, S_000002acc5792150;
 .timescale 0 0;
    .port_info 0 /INPUT 1 "clock";
    .port_info 1 /INPUT 1 "reset";
    .port_info 2 /INPUT 2 "largura";
    .port_info 3 /OUTPUT 1 "pwm";
    .port_info 4 /OUTPUT 1 "db_pwm";
P_000002acc5778270 .param/l "conf_periodo" 0 3 17, +C4<00000000000011110100001001000000>;
P_000002acc57782a8 .param/l "largura_00" 0 3 18, +C4<00000000000000000000000000000000>;
P_000002acc57782e0 .param/l "largura_01" 0 3 19, +C4<00000000000000001100001101010000>;
P_000002acc5778318 .param/l "largura_10" 0 3 20, +C4<00000000000000010010010011111000>;
P_000002acc5778350 .param/l "largura_11" 0 3 21, +C4<00000000000000011000011010100000>;
L_000002acc5797630 .functor BUFZ 1, v000002acc57ece10_0, C4<0>, C4<0>, C4<0>;
L_000002acc5797da0 .functor BUFZ 1, v000002acc57ece10_0, C4<0>, C4<0>, C4<0>;
v000002acc57ec4b0_0 .net "clock", 0 0, v000002acc57ec690_0;  alias, 1 drivers
v000002acc57ec2d0_0 .var "contagem", 31 0;
v000002acc57ecd70_0 .net "db_pwm", 0 0, L_000002acc5797630;  alias, 1 drivers
v000002acc57ec550_0 .net "largura", 1 0, v000002acc57ecf50_0;  alias, 1 drivers
v000002acc57ec190_0 .var "largura_pwm", 31 0;
v000002acc57ec5f0_0 .net "pwm", 0 0, L_000002acc5797da0;  alias, 1 drivers
v000002acc57ec9b0_0 .net "reset", 0 0, v000002acc57ec730_0;  alias, 1 drivers
v000002acc57ece10_0 .var "s_pwm", 0 0;
E_000002acc5783460 .event posedge, v000002acc57ec9b0_0, v000002acc57ec4b0_0;
    .scope S_000002acc5791f20;
T_0 ;
    %wait E_000002acc5783220;
    %load/vec4 v000002acc5782250_0;
    %flag_set/vec4 8;
    %jmp/0xz  T_0.0, 8;
    %pushi/vec4 0, 0, 32;
    %assign/vec4 v000002acc5784f70_0, 0;
    %pushi/vec4 0, 0, 1;
    %assign/vec4 v000002acc57822f0_0, 0;
    %pushi/vec4 0, 0, 32;
    %assign/vec4 v000002acc573c8a0_0, 0;
    %jmp T_0.1;
T_0.0 ;
    %load/vec4 v000002acc5784f70_0;
    %load/vec4 v000002acc573c8a0_0;
    %cmp/u;
    %flag_get/vec4 5;
    %assign/vec4 v000002acc57822f0_0, 0;
    %load/vec4 v000002acc5784f70_0;
    %cmpi/e 1249, 0, 32;
    %jmp/0xz  T_0.2, 4;
    %pushi/vec4 0, 0, 32;
    %assign/vec4 v000002acc5784f70_0, 0;
    %load/vec4 v000002acc577ae60_0;
    %dup/vec4;
    %pushi/vec4 0, 0, 2;
    %cmp/u;
    %jmp/1 T_0.4, 6;
    %dup/vec4;
    %pushi/vec4 1, 0, 2;
    %cmp/u;
    %jmp/1 T_0.5, 6;
    %dup/vec4;
    %pushi/vec4 2, 0, 2;
    %cmp/u;
    %jmp/1 T_0.6, 6;
    %dup/vec4;
    %pushi/vec4 3, 0, 2;
    %cmp/u;
    %jmp/1 T_0.7, 6;
    %pushi/vec4 0, 0, 32;
    %assign/vec4 v000002acc573c8a0_0, 0;
    %jmp T_0.9;
T_0.4 ;
    %pushi/vec4 0, 0, 32;
    %assign/vec4 v000002acc573c8a0_0, 0;
    %jmp T_0.9;
T_0.5 ;
    %pushi/vec4 50, 0, 32;
    %assign/vec4 v000002acc573c8a0_0, 0;
    %jmp T_0.9;
T_0.6 ;
    %pushi/vec4 500, 0, 32;
    %assign/vec4 v000002acc573c8a0_0, 0;
    %jmp T_0.9;
T_0.7 ;
    %pushi/vec4 1000, 0, 32;
    %assign/vec4 v000002acc573c8a0_0, 0;
    %jmp T_0.9;
T_0.9 ;
    %pop/vec4 1;
    %jmp T_0.3;
T_0.2 ;
    %load/vec4 v000002acc5784f70_0;
    %addi 1, 0, 32;
    %assign/vec4 v000002acc5784f70_0, 0;
T_0.3 ;
T_0.1 ;
    %jmp T_0;
    .thread T_0;
    .scope S_000002acc573c710;
T_1 ;
    %pushi/vec4 1, 0, 1;
    %store/vec4 v000002acc577b550_0, 0, 1;
    %pushi/vec4 0, 0, 1;
    %store/vec4 v000002acc57ec370_0, 0, 1;
    %pushi/vec4 0, 0, 2;
    %store/vec4 v000002acc57ec910_0, 0, 2;
    %pushi/vec4 0, 0, 32;
    %store/vec4 v000002acc577b4b0_0, 0, 32;
    %end;
    .thread T_1;
    .scope S_000002acc573c710;
T_2 ;
    %delay 10, 0;
    %load/vec4 v000002acc577b550_0;
    %inv;
    %store/vec4 v000002acc577b550_0, 0, 1;
    %jmp T_2;
    .thread T_2;
    .scope S_000002acc573c710;
T_3 ;
    %vpi_call 2 53 "$display", "Inicio da simulacao\012... Simulacao ate 800 us. Aguarde o final da simulacao..." {0 0 0};
    %pushi/vec4 1, 0, 32;
    %store/vec4 v000002acc577b4b0_0, 0, 32;
    %wait E_000002acc57835e0;
    %pushi/vec4 1, 0, 1;
    %store/vec4 v000002acc57ec370_0, 0, 1;
    %delay 20, 0;
    %pushi/vec4 0, 0, 1;
    %store/vec4 v000002acc57ec370_0, 0, 1;
    %delay 200, 0;
    %pushi/vec4 2, 0, 32;
    %store/vec4 v000002acc577b4b0_0, 0, 32;
    %wait E_000002acc57835e0;
    %pushi/vec4 0, 0, 2;
    %store/vec4 v000002acc57ec910_0, 0, 2;
    %delay 200000, 0;
    %pushi/vec4 3, 0, 32;
    %store/vec4 v000002acc577b4b0_0, 0, 32;
    %wait E_000002acc57835e0;
    %pushi/vec4 1, 0, 2;
    %store/vec4 v000002acc57ec910_0, 0, 2;
    %delay 200000, 0;
    %pushi/vec4 4, 0, 32;
    %store/vec4 v000002acc577b4b0_0, 0, 32;
    %wait E_000002acc57835e0;
    %pushi/vec4 2, 0, 2;
    %store/vec4 v000002acc57ec910_0, 0, 2;
    %delay 200000, 0;
    %pushi/vec4 5, 0, 32;
    %store/vec4 v000002acc577b4b0_0, 0, 32;
    %wait E_000002acc57835e0;
    %pushi/vec4 3, 0, 2;
    %store/vec4 v000002acc57ec910_0, 0, 2;
    %delay 200000, 0;
    %pushi/vec4 99, 0, 32;
    %store/vec4 v000002acc577b4b0_0, 0, 32;
    %delay 100, 0;
    %vpi_call 2 92 "$display", "Fim da simulacao" {0 0 0};
    %vpi_call 2 93 "$stop" {0 0 0};
    %end;
    .thread T_3;
    .scope S_000002acc57ed0b0;
T_4 ;
    %wait E_000002acc5783460;
    %load/vec4 v000002acc57ec9b0_0;
    %flag_set/vec4 8;
    %jmp/0xz  T_4.0, 8;
    %pushi/vec4 0, 0, 32;
    %assign/vec4 v000002acc57ec2d0_0, 0;
    %pushi/vec4 0, 0, 1;
    %assign/vec4 v000002acc57ece10_0, 0;
    %pushi/vec4 0, 0, 32;
    %assign/vec4 v000002acc57ec190_0, 0;
    %jmp T_4.1;
T_4.0 ;
    %load/vec4 v000002acc57ec2d0_0;
    %load/vec4 v000002acc57ec190_0;
    %cmp/u;
    %flag_get/vec4 5;
    %assign/vec4 v000002acc57ece10_0, 0;
    %load/vec4 v000002acc57ec2d0_0;
    %cmpi/e 999999, 0, 32;
    %jmp/0xz  T_4.2, 4;
    %pushi/vec4 0, 0, 32;
    %assign/vec4 v000002acc57ec2d0_0, 0;
    %load/vec4 v000002acc57ec550_0;
    %dup/vec4;
    %pushi/vec4 0, 0, 2;
    %cmp/u;
    %jmp/1 T_4.4, 6;
    %dup/vec4;
    %pushi/vec4 1, 0, 2;
    %cmp/u;
    %jmp/1 T_4.5, 6;
    %dup/vec4;
    %pushi/vec4 2, 0, 2;
    %cmp/u;
    %jmp/1 T_4.6, 6;
    %dup/vec4;
    %pushi/vec4 3, 0, 2;
    %cmp/u;
    %jmp/1 T_4.7, 6;
    %pushi/vec4 0, 0, 32;
    %assign/vec4 v000002acc57ec190_0, 0;
    %jmp T_4.9;
T_4.4 ;
    %pushi/vec4 0, 0, 32;
    %assign/vec4 v000002acc57ec190_0, 0;
    %jmp T_4.9;
T_4.5 ;
    %pushi/vec4 50000, 0, 32;
    %assign/vec4 v000002acc57ec190_0, 0;
    %jmp T_4.9;
T_4.6 ;
    %pushi/vec4 75000, 0, 32;
    %assign/vec4 v000002acc57ec190_0, 0;
    %jmp T_4.9;
T_4.7 ;
    %pushi/vec4 100000, 0, 32;
    %assign/vec4 v000002acc57ec190_0, 0;
    %jmp T_4.9;
T_4.9 ;
    %pop/vec4 1;
    %jmp T_4.3;
T_4.2 ;
    %load/vec4 v000002acc57ec2d0_0;
    %addi 1, 0, 32;
    %assign/vec4 v000002acc57ec2d0_0, 0;
T_4.3 ;
T_4.1 ;
    %jmp T_4;
    .thread T_4;
    .scope S_000002acc577b320;
T_5 ;
    %pushi/vec4 1, 0, 1;
    %store/vec4 v000002acc57ec690_0, 0, 1;
    %pushi/vec4 0, 0, 1;
    %store/vec4 v000002acc57ec730_0, 0, 1;
    %pushi/vec4 0, 0, 2;
    %store/vec4 v000002acc57ecf50_0, 0, 2;
    %pushi/vec4 0, 0, 32;
    %store/vec4 v000002acc57eca50_0, 0, 32;
    %end;
    .thread T_5;
    .scope S_000002acc577b320;
T_6 ;
    %delay 10, 0;
    %load/vec4 v000002acc57ec690_0;
    %inv;
    %store/vec4 v000002acc57ec690_0, 0, 1;
    %jmp T_6;
    .thread T_6;
    .scope S_000002acc577b320;
T_7 ;
    %vpi_call 4 37 "$display", "Inicio da simulacao\012... Simulacao ate 800ms (800_000_000ns). Aguarde o final da simulacao..." {0 0 0};
    %pushi/vec4 1, 0, 32;
    %store/vec4 v000002acc57eca50_0, 0, 32;
    %pushi/vec4 0, 0, 1;
    %store/vec4 v000002acc57ec730_0, 0, 1;
    %wait E_000002acc5783b60;
    %pushi/vec4 1, 0, 1;
    %store/vec4 v000002acc57ec730_0, 0, 1;
    %delay 20, 0;
    %pushi/vec4 0, 0, 1;
    %store/vec4 v000002acc57ec730_0, 0, 1;
    %delay 200, 0;
    %pushi/vec4 2, 0, 32;
    %store/vec4 v000002acc57eca50_0, 0, 32;
    %wait E_000002acc5783b60;
    %pushi/vec4 0, 0, 2;
    %store/vec4 v000002acc57ecf50_0, 0, 2;
    %delay 200000000, 0;
    %pushi/vec4 3, 0, 32;
    %store/vec4 v000002acc57eca50_0, 0, 32;
    %wait E_000002acc5783b60;
    %pushi/vec4 1, 0, 2;
    %store/vec4 v000002acc57ecf50_0, 0, 2;
    %delay 200000000, 0;
    %pushi/vec4 4, 0, 32;
    %store/vec4 v000002acc57eca50_0, 0, 32;
    %wait E_000002acc5783b60;
    %pushi/vec4 2, 0, 2;
    %store/vec4 v000002acc57ecf50_0, 0, 2;
    %delay 200000000, 0;
    %pushi/vec4 5, 0, 32;
    %store/vec4 v000002acc57eca50_0, 0, 32;
    %wait E_000002acc5783b60;
    %pushi/vec4 3, 0, 2;
    %store/vec4 v000002acc57ecf50_0, 0, 2;
    %delay 200000000, 0;
    %pushi/vec4 99, 0, 32;
    %store/vec4 v000002acc57eca50_0, 0, 32;
    %delay 100, 0;
    %vpi_call 4 77 "$display", "Fim da simulacao" {0 0 0};
    %vpi_call 4 78 "$stop" {0 0 0};
    %end;
    .thread T_7;
# The file index is used to find the file name in the following table.
:file_names 6;
    "N/A";
    "<interactive>";
    "./experiencias/exp1/Verilog/circuito_pwm_tb.v";
    "./experiencias/exp1/Verilog/circuito_pwm.v";
    "./experiencias/exp1/Verilog/controle_servo_tb.v";
    "./experiencias/exp1/Verilog/controle_servo.v";
